<?xml version="1.0" encoding="UTF-8"?><testsuite errors="1" failures="0" name="Consultar la pagina principal de la U de A" skipped="0" tests="1" time="1.97" timestamp="2023-05-06 01:17:55"><testcase name="Buscar la pagina oficial de la U de A en Google"><error type="java.lang.NullPointerException"/><system-err>null&#13;
org.apache.commons.lang3.SystemUtils.isJavaVersionAtLeast(SystemUtils.java:1654)&#13;
org.apache.commons.lang3.ClassUtils.isAssignable(ClassUtils.java:760)&#13;
co.edu.udea.certificacion.calidad.tasks.OpenThe.Browser(OpenThe.java:25)&#13;
co.edu.udea.certificacion.calidad.stepdefinitions.FindHomePageStepDefinitions.cuandoEscriboLaSentenciaUDeA(FindHomePageStepDefinitions.java:48)&#13;
✽.escribo la sentencia U de A(src/test/resources/features/find-udea-homepage.feature:9)&#13;
</system-err></testcase></testsuite>